<?xml version="1.0" encoding="UTF-8"?>
<!-- Generated by org.testng.reporters.JUnitXMLReporter -->
<testsuite ignored="10" hostname="DESKTOP-IKHEAKC" failures="0" tests="12" name="Surefire test" time="282.623" errors="0" timestamp="2025-03-27T11:35:03 IST">
  <testcase classname="sample.TestNGPractice" name="createUser" time="0.013"/>
  <testcase classname="sample.TestNGPractice" name="createUser" time="0.004"/>
  <testcase classname="sample.TestNGPractice" name="createUser" time="0.005"/>
  <testcase classname="sample.TestNGPractice" name="modifyUser" time="0.002"/>
  <testcase classname="sample.TestNGPractice" name="deleteUser" time="0.001"/>
  <testcase classname="testCaseRepo.TC_001_Test" name="LE_001" time="41.932"/>
  <testcase classname="testCaseRepo.TC_002_Test" name="LE_002" time="22.532"/>
  <testcase classname="testCaseRepo.TC_002_Test" name="demo" time="0.006"/>
  <testcase classname="testCaseRepo.TC_003_Test" name="LE_003" time="22.757"/>
  <testcase classname="testCaseRepo.TC_004_Test" name="CON_001" time="32.534"/>
  <testcase classname="testCaseRepo.TC_005_Test" name="CON_002" time="24.178"/>
  <testcase classname="testCaseRepo.TC_006_Test" name="CON_003" time="27.778"/>
  <testcase classname="genericUtility.BaseClass" name="@BeforeSuite dbConnection" time="0.0">
    <ignored/>
  </testcase> <!-- @BeforeSuite dbConnection -->
  <testcase classname="genericUtility.BaseClass" name="@AfterSuite CloseDBConnection" time="0.0">
    <ignored/>
  </testcase> <!-- @AfterSuite CloseDBConnection -->
  <testcase classname="genericUtility.BaseClass" name="@BeforeSuite dbConnection" time="0.0">
    <ignored/>
  </testcase> <!-- @BeforeSuite dbConnection -->
  <testcase classname="genericUtility.BaseClass" name="@BeforeSuite dbConnection" time="0.0">
    <ignored/>
  </testcase> <!-- @BeforeSuite dbConnection -->
  <testcase classname="genericUtility.BaseClass" name="@AfterSuite CloseDBConnection" time="0.0">
    <ignored/>
  </testcase> <!-- @AfterSuite CloseDBConnection -->
  <testcase classname="genericUtility.BaseClass" name="@BeforeSuite dbConnection" time="0.0">
    <ignored/>
  </testcase> <!-- @BeforeSuite dbConnection -->
  <testcase classname="genericUtility.BaseClass" name="@BeforeSuite dbConnection" time="0.0">
    <ignored/>
  </testcase> <!-- @BeforeSuite dbConnection -->
  <testcase classname="genericUtility.BaseClass" name="@AfterSuite CloseDBConnection" time="0.0">
    <ignored/>
  </testcase> <!-- @AfterSuite CloseDBConnection -->
  <testcase classname="genericUtility.BaseClass" name="@AfterSuite CloseDBConnection" time="0.0">
    <ignored/>
  </testcase> <!-- @AfterSuite CloseDBConnection -->
  <testcase classname="genericUtility.BaseClass" name="@AfterSuite CloseDBConnection" time="0.0">
    <ignored/>
  </testcase> <!-- @AfterSuite CloseDBConnection -->
</testsuite> <!-- Surefire test -->
