<?xml version="1.0" encoding="UTF-8"?>
<!-- Generated by org.testng.reporters.JUnitXMLReporter -->
<testsuite ignored="2" hostname="DESKTOP-IKHEAKC" failures="0" tests="2" name="Test" time="71.512" errors="0" timestamp="2025-03-27T14:59:53 IST">
  <testcase classname="testCaseRepo.TC_003_Test" name="LE_003" time="20.297"/>
  <testcase classname="testCaseRepo.TC_005_Test" name="CON_002" time="22.646"/>
  <testcase classname="genericUtility.BaseClass" name="@BeforeSuite dbConnection" time="0.0">
    <ignored/>
  </testcase> <!-- @BeforeSuite dbConnection -->
  <testcase classname="genericUtility.BaseClass" name="@AfterSuite CloseDBConnection" time="0.0">
    <ignored/>
  </testcase> <!-- @AfterSuite CloseDBConnection -->
</testsuite> <!-- Test -->
