<?xml version="1.0" encoding="UTF-8"?>
<!-- Generated by org.testng.reporters.JUnitXMLReporter -->
<testsuite ignored="4" hostname="DESKTOP-IKHEAKC" failures="0" tests="4" name="Test" time="140.107" errors="0" timestamp="2025-03-27T14:42:29 IST">
  <testcase classname="testCaseRepo.TC_003_Test" name="LE_003" time="19.353"/>
  <testcase classname="testCaseRepo.TC_002_Test" name="LE_002" time="27.773"/>
  <testcase classname="testCaseRepo.TC_002_Test" name="demo" time="0.013"/>
  <testcase classname="testCaseRepo.TC_001_Test" name="LE_001" time="17.367"/>
  <testcase classname="genericUtility.BaseClass" name="@BeforeSuite dbConnection" time="0.0">
    <ignored/>
  </testcase> <!-- @BeforeSuite dbConnection -->
  <testcase classname="genericUtility.BaseClass" name="@AfterSuite CloseDBConnection" time="0.0">
    <ignored/>
  </testcase> <!-- @AfterSuite CloseDBConnection -->
  <testcase classname="genericUtility.BaseClass" name="@BeforeSuite dbConnection" time="0.0">
    <ignored/>
  </testcase> <!-- @BeforeSuite dbConnection -->
  <testcase classname="genericUtility.BaseClass" name="@AfterSuite CloseDBConnection" time="0.0">
    <ignored/>
  </testcase> <!-- @AfterSuite CloseDBConnection -->
</testsuite> <!-- Test -->
