<?xml version="1.0" encoding="UTF-8"?>
<testng-results ignored="0" total="2" passed="2" failed="0" skipped="0">
  <reporter-output>
    <line>
      <![CDATA[LE_003->On Test start]]>
    </line>
    <line>
      <![CDATA[LE_003->On Test success]]>
    </line>
    <line>
      <![CDATA[CON_002->On Test start]]>
    </line>
    <line>
      <![CDATA[CON_002->On Test success]]>
    </line>
  </reporter-output>
  <suite started-at="2025-03-27T14:58:41 IST" name="Suite" finished-at="2025-03-27T14:59:52 IST" duration-ms="71512">
    <groups>
      <group name="Sanity">
        <method signature="TC_005_Test.CON_002()[pri:0, instance:testCaseRepo.TC_005_Test@6f4a47c7]" name="CON_002" class="testCaseRepo.TC_005_Test"/>
      </group> <!-- Sanity -->
      <group name="Regression">
        <method signature="TC_003_Test.LE_003()[pri:0, instance:testCaseRepo.TC_003_Test@37ceb1df]" name="LE_003" class="testCaseRepo.TC_003_Test"/>
      </group> <!-- Regression -->
      <group name="Smoke">
        <method signature="TC_003_Test.LE_003()[pri:0, instance:testCaseRepo.TC_003_Test@37ceb1df]" name="LE_003" class="testCaseRepo.TC_003_Test"/>
      </group> <!-- Smoke -->
    </groups>
    <test started-at="2025-03-27T14:58:41 IST" name="Test" finished-at="2025-03-27T14:59:52 IST" duration-ms="71512">
      <class name="testCaseRepo.TC_003_Test">
        <test-method is-config="true" signature="dbConnection()[pri:0, instance:testCaseRepo.TC_003_Test@37ceb1df]" started-at="2025-03-27T14:58:41 IST" name="dbConnection" finished-at="2025-03-27T14:58:41 IST" duration-ms="28" status="PASS">
          <reporter-output>
          </reporter-output>
        </test-method> <!-- dbConnection -->
        <test-method is-config="true" signature="launchBrowser(java.lang.String)[pri:0, instance:testCaseRepo.TC_003_Test@37ceb1df]" started-at="2025-03-27T14:58:42 IST" name="launchBrowser" finished-at="2025-03-27T14:58:53 IST" duration-ms="11225" status="PASS">
          <params>
            <param index="0">
              <value>
                <![CDATA[chrome]]>
              </value>
            </param>
          </params>
          <reporter-output>
          </reporter-output>
        </test-method> <!-- launchBrowser -->
        <test-method is-config="true" signature="loginOperation()[pri:0, instance:testCaseRepo.TC_003_Test@37ceb1df]" started-at="2025-03-27T14:58:53 IST" name="loginOperation" finished-at="2025-03-27T14:58:59 IST" duration-ms="5525" status="PASS">
          <reporter-output>
          </reporter-output>
        </test-method> <!-- loginOperation -->
        <test-method signature="LE_003()[pri:0, instance:testCaseRepo.TC_003_Test@37ceb1df]" started-at="2025-03-27T14:58:59 IST" name="LE_003" finished-at="2025-03-27T14:59:19 IST" duration-ms="20297" status="PASS">
          <reporter-output>
            <line>
              <![CDATA[LE_003->On Test start]]>
            </line>
            <line>
              <![CDATA[LE_003->On Test success]]>
            </line>
          </reporter-output>
        </test-method> <!-- LE_003 -->
        <test-method is-config="true" signature="signoutOperation()[pri:0, instance:testCaseRepo.TC_003_Test@37ceb1df]" started-at="2025-03-27T14:59:19 IST" name="signoutOperation" finished-at="2025-03-27T14:59:21 IST" duration-ms="1998" status="PASS">
          <reporter-output>
          </reporter-output>
        </test-method> <!-- signoutOperation -->
        <test-method is-config="true" signature="closeBrowser()[pri:0, instance:testCaseRepo.TC_003_Test@37ceb1df]" started-at="2025-03-27T14:59:21 IST" name="closeBrowser" finished-at="2025-03-27T14:59:21 IST" duration-ms="2" status="PASS">
          <reporter-output>
          </reporter-output>
        </test-method> <!-- closeBrowser -->
        <test-method is-config="true" signature="CloseDBConnection()[pri:0, instance:testCaseRepo.TC_003_Test@37ceb1df]" started-at="2025-03-27T14:59:54 IST" name="CloseDBConnection" finished-at="2025-03-27T14:59:54 IST" duration-ms="3" status="PASS">
          <reporter-output>
          </reporter-output>
        </test-method> <!-- CloseDBConnection -->
      </class> <!-- testCaseRepo.TC_003_Test -->
      <class name="testCaseRepo.TC_005_Test">
        <test-method is-config="true" signature="launchBrowser(java.lang.String)[pri:0, instance:testCaseRepo.TC_005_Test@6f4a47c7]" started-at="2025-03-27T14:59:21 IST" name="launchBrowser" finished-at="2025-03-27T14:59:27 IST" duration-ms="6409" status="PASS">
          <params>
            <param index="0">
              <value>
                <![CDATA[chrome]]>
              </value>
            </param>
          </params>
          <reporter-output>
          </reporter-output>
        </test-method> <!-- launchBrowser -->
        <test-method is-config="true" signature="loginOperation()[pri:0, instance:testCaseRepo.TC_005_Test@6f4a47c7]" started-at="2025-03-27T14:59:27 IST" name="loginOperation" finished-at="2025-03-27T14:59:28 IST" duration-ms="391" status="PASS">
          <reporter-output>
          </reporter-output>
        </test-method> <!-- loginOperation -->
        <test-method signature="CON_002()[pri:0, instance:testCaseRepo.TC_005_Test@6f4a47c7]" started-at="2025-03-27T14:59:28 IST" name="CON_002" finished-at="2025-03-27T14:59:50 IST" duration-ms="22646" status="PASS">
          <reporter-output>
            <line>
              <![CDATA[CON_002->On Test start]]>
            </line>
            <line>
              <![CDATA[CON_002->On Test success]]>
            </line>
          </reporter-output>
        </test-method> <!-- CON_002 -->
        <test-method is-config="true" signature="signoutOperation()[pri:0, instance:testCaseRepo.TC_005_Test@6f4a47c7]" started-at="2025-03-27T14:59:50 IST" name="signoutOperation" finished-at="2025-03-27T14:59:52 IST" duration-ms="2024" status="PASS">
          <reporter-output>
          </reporter-output>
        </test-method> <!-- signoutOperation -->
        <test-method is-config="true" signature="closeBrowser()[pri:0, instance:testCaseRepo.TC_005_Test@6f4a47c7]" started-at="2025-03-27T14:59:52 IST" name="closeBrowser" finished-at="2025-03-27T14:59:52 IST" duration-ms="1" status="PASS">
          <reporter-output>
          </reporter-output>
        </test-method> <!-- closeBrowser -->
      </class> <!-- testCaseRepo.TC_005_Test -->
    </test> <!-- Test -->
  </suite> <!-- Suite -->
</testng-results>
